<?xml version="1.0" encoding="utf-8"?><testsuites name="pytest tests"><testsuite name="pytest" errors="0" failures="0" skipped="0" tests="17" time="11.066" timestamp="2026-02-20T20:23:59.183881+00:00" hostname="agent-env-9caa03ed-0560-43a9-98f4-90e7d02811ff"><testcase classname="backend.tests.test_auth.TestHealthCheck" name="test_api_root" time="0.615" /><testcase classname="backend.tests.test_auth.TestAuth" name="test_login_success" time="0.735" /><testcase classname="backend.tests.test_auth.TestAuth" name="test_login_wrong_email" time="0.559" /><testcase classname="backend.tests.test_auth.TestAuth" name="test_login_wrong_password" time="0.729" /><testcase classname="backend.tests.test_auth.TestAuth" name="test_verify_auth_with_valid_token" time="1.288" /><testcase classname="backend.tests.test_auth.TestAuth" name="test_verify_auth_with_invalid_token" time="0.429" /><testcase classname="backend.tests.test_auth.TestAuth" name="test_verify_auth_without_token" time="0.436" /><testcase classname="backend.tests.test_auth.TestContentAPI" name="test_get_content" time="0.451" /><testcase classname="backend.tests.test_auth.TestServicesAPI" name="test_get_services" time="0.473" /><testcase classname="backend.tests.test_features.TestImageUploadOptimization" name="test_upload_image_returns_optimized_url_and_thumbnail" time="1.849" /><testcase classname="backend.tests.test_features.TestImageUploadOptimization" name="test_upload_png_image_converts_to_jpg" time="0.664" /><testcase classname="backend.tests.test_features.TestImageUploadOptimization" name="test_upload_video_does_not_create_thumbnail" time="0.452" /><testcase classname="backend.tests.test_features.TestImageUploadOptimization" name="test_upload_unsupported_format_rejected" time="0.408" /><testcase classname="backend.tests.test_features.TestServicesWithImages" name="test_get_services_has_images_array" time="0.415" /><testcase classname="backend.tests.test_features.TestContentAPI" name="test_get_content_has_hero_highlight_settings" time="0.419" /><testcase classname="backend.tests.test_features.TestContentAPI" name="test_get_content_has_brand_whatsapp_link" time="0.432" /><testcase classname="backend.tests.test_features.TestWhatsAppIntegration" name="test_whatsapp_number_in_content" time="0.454" /></testsuite></testsuites>