<?xml version="1.0" encoding="utf-8"?><testsuites name="pytest tests"><testsuite name="pytest" errors="0" failures="0" skipped="0" tests="9" time="2.287" timestamp="2026-02-19T22:42:09.115955+00:00" hostname="agent-env-a6624649-8a68-4030-826a-5a0c5ac89964"><testcase classname="backend.tests.test_auth.TestHealthCheck" name="test_api_root" time="0.190" /><testcase classname="backend.tests.test_auth.TestAuth" name="test_login_success" time="0.383" /><testcase classname="backend.tests.test_auth.TestAuth" name="test_login_wrong_email" time="0.080" /><testcase classname="backend.tests.test_auth.TestAuth" name="test_login_wrong_password" time="0.372" /><testcase classname="backend.tests.test_auth.TestAuth" name="test_verify_auth_with_valid_token" time="0.578" /><testcase classname="backend.tests.test_auth.TestAuth" name="test_verify_auth_with_invalid_token" time="0.102" /><testcase classname="backend.tests.test_auth.TestAuth" name="test_verify_auth_without_token" time="0.099" /><testcase classname="backend.tests.test_auth.TestContentAPI" name="test_get_content" time="0.115" /><testcase classname="backend.tests.test_auth.TestServicesAPI" name="test_get_services" time="0.099" /></testsuite></testsuites>